<?xml version="1.0" encoding="UTF-8"?>
<!-- Generated by org.testng.reporters.JUnitReportReporter -->
<testsuite hostname="SURYA" failures="0" tests="6" name="testCases.TC_0003_LoginDDT" time="52.763" errors="0" timestamp="2025-05-23T12:37:25 IST" skipped="0">
  <testcase classname="testCases.TC_0003_LoginDDT" name="verify_loginDDT" time="5.670"/>
  <testcase classname="testCases.TC_0003_LoginDDT" name="verify_loginDDT" time="14.808"/>
  <testcase classname="testCases.TC_0003_LoginDDT" name="verify_loginDDT" time="5.743"/>
  <testcase classname="testCases.TC_0003_LoginDDT" name="verify_loginDDT" time="5.698"/>
  <testcase classname="testCases.TC_0003_LoginDDT" name="verify_loginDDT" time="5.797"/>
  <testcase classname="testCases.TC_0003_LoginDDT" name="verify_loginDDT" time="15.047"/>
</testsuite> <!-- testCases.TC_0003_LoginDDT -->
